<?xml version="1.0" encoding="UTF-8"?>
<!-- Generated by org.testng.reporters.JUnitReportReporter -->
<testsuite hostname="Hp-PC" name="com.phptravels.tests.LoginTests" tests="1" failures="0" timestamp="27 Mar 2018 16:13:31 GMT" time="12.333" errors="0">
  <testcase name="verify_LoginPage" time="12.333" classname="com.phptravels.tests.LoginTests"/>
</testsuite> <!-- com.phptravels.tests.LoginTests -->
